<?xml version="1.0" encoding="UTF-8"?>
<!-- Generated by org.testng.reporters.JUnitReportReporter -->
<testsuite skipped="0" hostname="Yuveshens-MacBook-Pro.local" name="au.com.ebay.tests.AddToCartTest" tests="1" failures="0" timestamp="23 Sep 2018 23:45:22 GMT" time="36.249" errors="0">
  <testcase name="addTwoItemsToCartTest" time="36.249" classname="au.com.ebay.tests.AddToCartTest"/>
</testsuite> <!-- au.com.ebay.tests.AddToCartTest -->
